<?xml version="1.0" encoding="UTF-8"?>
<!-- Generated by org.testng.reporters.JUnitXMLReporter -->
<testsuite ignored="2" hostname="DESKTOP-P0LK14H" failures="1" tests="1" name="Test Basics 1" time="16.667" errors="0" timestamp="2024-09-26T09:16:15 PDT">
  <testcase classname="Tests.LoginTests" name="execute" time="4.011">
    <failure type="org.openqa.selenium.support.ui.UnexpectedTagNameException" message="Element should have been &amp;quot;select&amp;quot; but was &amp;quot;input&amp;quot;
Build info: version: &amp;apos;4.21.0&amp;apos;, revision: &amp;apos;79ed462ef4&amp;apos;
System info: os.name: &amp;apos;Windows 10&amp;apos;, os.arch: &amp;apos;amd64&amp;apos;, os.version: &amp;apos;10.0&amp;apos;, java.version: &amp;apos;17.0.9&amp;apos;
Driver info: driver.version: unknown">
      <![CDATA[org.openqa.selenium.support.ui.UnexpectedTagNameException: Element should have been "select" but was "input"
Build info: version: '4.21.0', revision: '79ed462ef4'
System info: os.name: 'Windows 10', os.arch: 'amd64', os.version: '10.0', java.version: '17.0.9'
Driver info: driver.version: unknown
at org.openqa.selenium.support.ui.Select.<init>(Select.java:46)
at Pages.Homepage.clickLinks(Homepage.java:40)
at Tests.LoginTests.execute(LoginTests.java:20)
at java.base/java.util.ArrayList.forEach(ArrayList.java:1511)
... Removed 27 stack frames]]>
    </failure>
  </testcase> <!-- execute -->
  <testcase classname="Tests.BaseTest" name="@AfterTest Screenshot" time="0.0">
    <ignored/>
  </testcase> <!-- @AfterTest Screenshot -->
  <testcase classname="Tests.BaseTest" name="@BeforeTest set1" time="0.0">
    <ignored/>
  </testcase> <!-- @BeforeTest set1 -->
</testsuite> <!-- Test Basics 1 -->
